app/build/intermediates/manifest_merge_blame_file/release/manifest-merger-blame-release-report.txt
1<?xml version="1.0" encoding="utf-8"?>
2<manifest xmlns:android="http://schemas.android.com/apk/res/android"
3    package="com.learningproject.newsapplication"
4    android:versionCode="1"
5    android:versionName="1.1" >
6
7    <uses-sdk
8        android:minSdkVersion="21"
8-->src\main\AndroidManifest.xml
9        android:targetSdkVersion="32" />
9-->src\main\AndroidManifest.xml
10
11    <uses-permission android:name="android.permission.INTERNET" />
11-->src\main\AndroidManifest.xml:6:5-67
11-->src\main\AndroidManifest.xml:6:22-64
12
13    <application
13-->src\main\AndroidManifest.xml:8:5-37:19
14        android:allowBackup="true"
14-->src\main\AndroidManifest.xml:9:9-35
15        android:appComponentFactory="androidx.core.app.CoreComponentFactory"
15-->[androidx.core:core:1.8.0] AndroidManifest.xml:24:18-86
16        android:dataExtractionRules="@xml/data_extraction_rules"
16-->src\main\AndroidManifest.xml:10:9-65
17        android:fullBackupContent="@xml/backup_rules"
17-->src\main\AndroidManifest.xml:11:9-54
18        android:icon="@mipmap/ic_launcher"
18-->src\main\AndroidManifest.xml:12:9-43
19        android:label="@string/app_name"
19-->src\main\AndroidManifest.xml:13:9-41
20        android:roundIcon="@mipmap/ic_launcher_round"
20-->src\main\AndroidManifest.xml:14:9-54
21        android:supportsRtl="true"
21-->src\main\AndroidManifest.xml:15:9-35
22        android:theme="@style/Theme.NEWSAPPLICATION" >
22-->src\main\AndroidManifest.xml:16:9-53
23        <activity
23-->src\main\AndroidManifest.xml:18:9-20:40
24            android:name="com.learningproject.newsapplication.AboutPage"
24-->src\main\AndroidManifest.xml:19:13-38
25            android:exported="false" />
25-->src\main\AndroidManifest.xml:20:13-37
26        <activity
26-->src\main\AndroidManifest.xml:21:9-24:58
27            android:name="com.learningproject.newsapplication.NewsDetailActivity"
27-->src\main\AndroidManifest.xml:22:13-47
28            android:exported="false"
28-->src\main\AndroidManifest.xml:23:13-37
29            android:parentActivityName="com.learningproject.newsapplication.MainActivity" />
29-->src\main\AndroidManifest.xml:24:13-55
30        <activity
30-->src\main\AndroidManifest.xml:25:9-27:40
31            android:name="com.learningproject.newsapplication.MainActivity"
31-->src\main\AndroidManifest.xml:26:13-41
32            android:exported="false" />
32-->src\main\AndroidManifest.xml:27:13-37
33        <activity
33-->src\main\AndroidManifest.xml:28:9-36:20
34            android:name="com.learningproject.newsapplication.SplashScreen"
34-->src\main\AndroidManifest.xml:29:13-41
35            android:exported="true" >
35-->src\main\AndroidManifest.xml:30:13-36
36            <intent-filter>
36-->src\main\AndroidManifest.xml:31:13-35:29
37                <action android:name="android.intent.action.MAIN" />
37-->src\main\AndroidManifest.xml:32:17-69
37-->src\main\AndroidManifest.xml:32:25-66
38
39                <category android:name="android.intent.category.LAUNCHER" />
39-->src\main\AndroidManifest.xml:34:17-77
39-->src\main\AndroidManifest.xml:34:27-74
40            </intent-filter>
41        </activity>
42
43        <provider
43-->[com.squareup.picasso:picasso:2.8] AndroidManifest.xml:8:9-11:40
44            android:name="com.squareup.picasso.PicassoProvider"
44-->[com.squareup.picasso:picasso:2.8] AndroidManifest.xml:9:13-64
45            android:authorities="com.learningproject.newsapplication.com.squareup.picasso"
45-->[com.squareup.picasso:picasso:2.8] AndroidManifest.xml:10:13-72
46            android:exported="false" />
46-->[com.squareup.picasso:picasso:2.8] AndroidManifest.xml:11:13-37
47        <provider
47-->[androidx.emoji2:emoji2:1.2.0] AndroidManifest.xml:24:9-32:20
48            android:name="androidx.startup.InitializationProvider"
48-->[androidx.emoji2:emoji2:1.2.0] AndroidManifest.xml:25:13-67
49            android:authorities="com.learningproject.newsapplication.androidx-startup"
49-->[androidx.emoji2:emoji2:1.2.0] AndroidManifest.xml:26:13-68
50            android:exported="false" >
50-->[androidx.emoji2:emoji2:1.2.0] AndroidManifest.xml:27:13-37
51            <meta-data
51-->[androidx.emoji2:emoji2:1.2.0] AndroidManifest.xml:29:13-31:52
52                android:name="androidx.emoji2.text.EmojiCompatInitializer"
52-->[androidx.emoji2:emoji2:1.2.0] AndroidManifest.xml:30:17-75
53                android:value="androidx.startup" />
53-->[androidx.emoji2:emoji2:1.2.0] AndroidManifest.xml:31:17-49
54            <meta-data
54-->[androidx.lifecycle:lifecycle-process:2.4.1] AndroidManifest.xml:31:13-33:52
55                android:name="androidx.lifecycle.ProcessLifecycleInitializer"
55-->[androidx.lifecycle:lifecycle-process:2.4.1] AndroidManifest.xml:32:17-78
56                android:value="androidx.startup" />
56-->[androidx.lifecycle:lifecycle-process:2.4.1] AndroidManifest.xml:33:17-49
57        </provider>
58
59        <uses-library
59-->[androidx.window:window:1.0.0] AndroidManifest.xml:25:9-27:40
60            android:name="androidx.window.extensions"
60-->[androidx.window:window:1.0.0] AndroidManifest.xml:26:13-54
61            android:required="false" />
61-->[androidx.window:window:1.0.0] AndroidManifest.xml:27:13-37
62        <uses-library
62-->[androidx.window:window:1.0.0] AndroidManifest.xml:28:9-30:40
63            android:name="androidx.window.sidecar"
63-->[androidx.window:window:1.0.0] AndroidManifest.xml:29:13-51
64            android:required="false" />
64-->[androidx.window:window:1.0.0] AndroidManifest.xml:30:13-37
65    </application>
66
67</manifest>